<?xml version="1.0" encoding="UTF-8"?>
<testng-results skipped="0" failed="0" ignored="0" total="1" passed="1">
  <reporter-output>
  </reporter-output>
  <suite name="Default suite" duration-ms="9225" started-at="2019-01-11T06:56:43Z" finished-at="2019-01-11T06:56:52Z">
    <groups>
    </groups>
    <test name="Default test" duration-ms="9225" started-at="2019-01-11T06:56:43Z" finished-at="2019-01-11T06:56:52Z">
      <class name="com.imanjana.JavaY">
        <test-method status="PASS" signature="a()[pri:0, instance:com.imanjana.JavaY@4cc0edeb]" name="a" is-config="true" duration-ms="5855" started-at="2019-01-11T06:56:43Z" finished-at="2019-01-11T06:56:49Z">
          <reporter-output>
          </reporter-output>
        </test-method> <!-- a -->
        <test-method status="PASS" signature="b()[pri:0, instance:com.imanjana.JavaY@4cc0edeb]" name="b" duration-ms="3355" started-at="2019-01-11T06:56:49Z" finished-at="2019-01-11T06:56:52Z">
          <reporter-output>
          </reporter-output>
        </test-method> <!-- b -->
      </class> <!-- com.imanjana.JavaY -->
    </test> <!-- Default test -->
  </suite> <!-- Default suite -->
</testng-results>
